<?xml version="1.0" encoding="UTF-8"?>
<testsuite xmlns:xsi="http://www.w3.org/2001/XMLSchema-instance" xsi:noNamespaceSchemaLocation="https://maven.apache.org/surefire/maven-surefire-plugin/xsd/surefire-test-report-3.0.xsd" version="3.0" name="Test.WestminsterShoppingManagerTest" time="0.5" tests="3" errors="0" skipped="0" failures="0">
  <properties>
    <property name="sun.desktop" value="windows"/>
    <property name="awt.toolkit" value="sun.awt.windows.WToolkit"/>
    <property name="java.specification.version" value="11"/>
    <property name="sun.cpu.isalist" value="amd64"/>
    <property name="sun.jnu.encoding" value="Cp1252"/>
    <property name="java.class.path" value="C:\Users\Dinesh\Documents\NetBeansProjects\WestministerShoppingSystem\target\test-classes;C:\Users\Dinesh\Documents\NetBeansProjects\WestministerShoppingSystem\target\classes;C:\Users\Dinesh\.m2\repository\org\testng\testng\7.4.0\testng-7.4.0.jar;C:\Users\Dinesh\.m2\repository\com\beust\jcommander\1.78\jcommander-1.78.jar;C:\Users\Dinesh\.m2\repository\org\webjars\jquery\3.5.1\jquery-3.5.1.jar;"/>
    <property name="java.vm.vendor" value="Oracle Corporation"/>
    <property name="sun.arch.data.model" value="64"/>
    <property name="user.variant" value=""/>
    <property name="java.vendor.url" value="https://openjdk.java.net/"/>
    <property name="user.timezone" value="Asia/Colombo"/>
    <property name="java.vm.specification.version" value="11"/>
    <property name="os.name" value="Windows 10"/>
    <property name="user.country" value="US"/>
    <property name="sun.java.launcher" value="SUN_STANDARD"/>
    <property name="sun.boot.library.path" value="C:\Program Files\Java\jdk-11.0.15\bin"/>
    <property name="sun.java.command" value="C:\Users\Dinesh\AppData\Local\Temp\surefire2156973959343415197\surefirebooter-20240112093517703_3.jar C:\Users\Dinesh\AppData\Local\Temp\surefire2156973959343415197 2024-01-12T09-35-17_468-jvmRun1 surefire-20240112093517703_1tmp surefire_0-20240112093517703_2tmp"/>
    <property name="jdk.debug" value="release"/>
    <property name="test" value="Test.WestminsterShoppingManagerTest"/>
    <property name="surefire.test.class.path" value="C:\Users\Dinesh\Documents\NetBeansProjects\WestministerShoppingSystem\target\test-classes;C:\Users\Dinesh\Documents\NetBeansProjects\WestministerShoppingSystem\target\classes;C:\Users\Dinesh\.m2\repository\org\testng\testng\7.4.0\testng-7.4.0.jar;C:\Users\Dinesh\.m2\repository\com\beust\jcommander\1.78\jcommander-1.78.jar;C:\Users\Dinesh\.m2\repository\org\webjars\jquery\3.5.1\jquery-3.5.1.jar;"/>
    <property name="sun.cpu.endian" value="little"/>
    <property name="user.home" value="C:\Users\Dinesh"/>
    <property name="user.language" value="en"/>
    <property name="java.specification.vendor" value="Oracle Corporation"/>
    <property name="java.version.date" value="2022-04-19"/>
    <property name="java.home" value="C:\Program Files\Java\jdk-11.0.15"/>
    <property name="file.separator" value="\"/>
    <property name="basedir" value="C:\Users\Dinesh\Documents\NetBeansProjects\WestministerShoppingSystem"/>
    <property name="java.vm.compressedOopsMode" value="32-bit"/>
    <property name="line.separator" value="&#10;"/>
    <property name="java.specification.name" value="Java Platform API Specification"/>
    <property name="java.vm.specification.vendor" value="Oracle Corporation"/>
    <property name="java.awt.graphicsenv" value="sun.awt.Win32GraphicsEnvironment"/>
    <property name="surefire.real.class.path" value="C:\Users\Dinesh\AppData\Local\Temp\surefire2156973959343415197\surefirebooter-20240112093517703_3.jar"/>
    <property name="user.script" value=""/>
    <property name="sun.management.compiler" value="HotSpot 64-Bit Tiered Compilers"/>
    <property name="java.runtime.version" value="11.0.15+8-LTS-149"/>
    <property name="user.name" value="Dinesh"/>
    <property name="path.separator" value=";"/>
    <property name="os.version" value="10.0"/>
    <property name="java.runtime.name" value="Java(TM) SE Runtime Environment"/>
    <property name="file.encoding" value="UTF-8"/>
    <property name="java.vm.name" value="Java HotSpot(TM) 64-Bit Server VM"/>
    <property name="java.vendor.version" value="18.9"/>
    <property name="maven.ext.class.path" value="D:\NetBeans-18\netbeans\java\maven-nblib\netbeans-eventspy.jar"/>
    <property name="localRepository" value="C:\Users\Dinesh\.m2\repository"/>
    <property name="java.vendor.url.bug" value="https://bugreport.java.com/bugreport/"/>
    <property name="java.io.tmpdir" value="C:\Users\Dinesh\AppData\Local\Temp\"/>
    <property name="java.version" value="11.0.15"/>
    <property name="user.dir" value="C:\Users\Dinesh\Documents\NetBeansProjects\WestministerShoppingSystem"/>
    <property name="os.arch" value="amd64"/>
    <property name="java.vm.specification.name" value="Java Virtual Machine Specification"/>
    <property name="java.awt.printerjob" value="sun.awt.windows.WPrinterJob"/>
    <property name="sun.os.patch.level" value=""/>
    <property name="java.library.path" value="C:\Program Files\Java\jdk-11.0.15\bin;C:\Windows\Sun\Java\bin;C:\Windows\system32;C:\Windows;C:\Users\Dinesh\AppData\Local\Programs\Python\Python312\Scripts\;C:\Users\Dinesh\AppData\Local\Programs\Python\Python312\;C:\Program Files (x86)\Common Files\Oracle\Java\javapath;C:\oracle\bin;C:\Windows\system32;C:\Windows;C:\Windows\System32\Wbem;C:\Windows\System32\WindowsPowerShell\v1.0\;C:\Windows\System32\OpenSSH\;D:\SonarCube\sonar-scanner-4.7.0.2747-windows\bin;C:\Program Files\Microsoft SQL Server\Client SDK\ODBC\170\Tools\Binn\;C:\Program Files\dotnet\;C:\xampp\php;C:\ProgramData\ComposerSetup\bin;C:\flutter\bin;C:\mongosh-1.10.0-win32-x64\bin;C:\apache-maven-3.9.2\bin;C:\Java\jdk1.8.0_291\bin\bin;C:\Program Files\Graphviz\bin;C:\Program Files\nodejs\;C:\ProgramData\chocolatey\bin;C:\Program Files\Git\cmd;D:\Ruby32-x64\bin;C:\Users\Dinesh\scoop\shims;C:\Program Files\Java\jdk1.8.0_361\bin;C:\Users\Dinesh\AppData\Local\Programs\Microsoft VS Code\bin;D:\IntelliJ IDEA 2023.2.1\bin;;C:\Users\Dinesh\.dotnet\tools;C:\Users\Dinesh\AppData\Roaming\npm;."/>
    <property name="java.vendor" value="Oracle Corporation"/>
    <property name="java.vm.info" value="mixed mode"/>
    <property name="java.vm.version" value="11.0.15+8-LTS-149"/>
    <property name="sun.io.unicode.encoding" value="UnicodeLittle"/>
    <property name="java.class.version" value="55.0"/>
  </properties>
  <testcase name="testAddProduct" classname="Test.WestminsterShoppingManagerTest" time="0.016">
    <system-out><![CDATA[Product list loaded from file: productList.dat
Product added successfully.
]]></system-out>
  </testcase>
  <testcase name="testPrintProductList" classname="Test.WestminsterShoppingManagerTest" time="0.016">
    <system-out><![CDATA[Product list loaded from file: productList.dat
------------------------------
Product ID: null
Product Name: null
Product Category: null
Price: $0.0
Quantity Available: 0
Brand: Samsung
Warranty Period: 24 months
------------------------------
]]></system-out>
  </testcase>
  <testcase name="testSaveToFileAndLoadFromFile" classname="Test.WestminsterShoppingManagerTest" time="0">
    <system-out><![CDATA[Product list loaded from file: productList.dat
Product added successfully.
Product list saved to file: testProductLists.dat
Product list loaded from file: productList.dat
Product list loaded from file: testProductLists.dat
]]></system-out>
  </testcase>
</testsuite>