<?xml version="1.0" encoding="UTF-8"?>
<!-- Generated by org.testng.reporters.JUnitReportReporter -->
<testsuite hostname="DESKTOP-2S23G7A" failures="0" tests="3" name="Test.WestminsterShoppingManagerTest" time="0.078" errors="0" timestamp="2024-01-12T09:35:18 IST" skipped="0">
  <testcase classname="Test.WestminsterShoppingManagerTest" name="testAddProduct" time="0.031"/>
  <system-out/>
  <testcase classname="Test.WestminsterShoppingManagerTest" name="testSaveToFileAndLoadFromFile" time="0.015"/>
  <system-out/>
  <testcase classname="Test.WestminsterShoppingManagerTest" name="testPrintProductList" time="0.032"/>
  <system-out/>
</testsuite> <!-- Test.WestminsterShoppingManagerTest -->
